UnityPinballAndroidStudio/Pinball/build/outputs/logs/manifest-merger-main-release-report.txt
-- Merging decision tree log ---
manifest
ADDED from src/main/AndroidManifest.xml:2:1-33:12
	package
		ADDED from src/main/AndroidManifest.xml:2:70-101
	android:versionName
		INJECTED from src/main/AndroidManifest.xml
		ADDED from src/main/AndroidManifest.xml:2:1-33:12
		INJECTED from src/main/AndroidManifest.xml
	xmlns:android
		ADDED from src/main/AndroidManifest.xml:2:11-69
	android:versionCode
		INJECTED from src/main/AndroidManifest.xml
		ADDED from src/main/AndroidManifest.xml:2:1-33:12
		INJECTED from src/main/AndroidManifest.xml
	android:installLocation
		ADDED from src/main/AndroidManifest.xml:2:102-142
supports-screens
ADDED from src/main/AndroidManifest.xml:3:3-163
MERGED from src/main/AndroidManifest.xml:3:3-163
	android:largeScreens
		ADDED from src/main/AndroidManifest.xml:3:78-105
	android:smallScreens
		ADDED from src/main/AndroidManifest.xml:3:21-48
	android:normalScreens
		ADDED from src/main/AndroidManifest.xml:3:49-77
	android:xlargeScreens
		ADDED from src/main/AndroidManifest.xml:3:106-134
	android:anyDensity
		ADDED from src/main/AndroidManifest.xml:3:135-160
application
ADDED from src/main/AndroidManifest.xml:4:3-21:17
MERGED from src/main/AndroidManifest.xml:4:3-21:17
MERGED from [com.skillz.sdk:skillz-sdk-android:4.0.7-SNAPSHOT] AndroidManifest.xml:44:5-162:19
MERGED from [com.paypal.sdk:paypal-android-sdk:2.14.4] AndroidManifest.xml:12:5-26:19
MERGED from [com.mopub.volley:mopub-volley:1.1.0] AndroidManifest.xml:11:5-20
MERGED from [com.android.support:design:25.3.0] AndroidManifest.xml:29:5-20
MERGED from [com.android.support:transition:25.3.0] AndroidManifest.xml:26:5-20
MERGED from [com.google.android.gms:play-services-gcm:10.2.1] AndroidManifest.xml:23:5-19
MERGED from [com.google.android.gms:play-services-iid:10.2.1] AndroidManifest.xml:23:5-19
MERGED from [com.google.android.gms:play-services-base:10.2.1] AndroidManifest.xml:18:5-20:19
MERGED from [com.google.firebase:firebase-core:10.2.1] AndroidManifest.xml:5:5-20
MERGED from [com.google.firebase:firebase-analytics:10.2.1] AndroidManifest.xml:24:5-33:19
MERGED from [com.google.firebase:firebase-analytics-impl:10.2.1] AndroidManifest.xml:24:5-28:19
MERGED from [com.google.firebase:firebase-messaging:10.2.1] AndroidManifest.xml:19:5-29:19
MERGED from [com.google.firebase:firebase-iid:10.2.1] AndroidManifest.xml:28:5-49:19
MERGED from [com.google.firebase:firebase-common:10.2.1] AndroidManifest.xml:4:5-7:19
MERGED from [com.google.android.gms:play-services-tasks:10.2.1] AndroidManifest.xml:4:5-19
MERGED from [com.google.android.gms:play-services-basement:10.2.1] AndroidManifest.xml:19:5-21:19
MERGED from [com.facebook.react:react-native:0.41.2] AndroidManifest.xml:13:5-20
MERGED from [com.android.support:appcompat-v7:25.3.0] AndroidManifest.xml:29:5-20
MERGED from [com.android.support:animated-vector-drawable:25.3.0] AndroidManifest.xml:26:5-20
MERGED from [com.android.support:support-vector-drawable:25.3.0] AndroidManifest.xml:26:5-20
MERGED from [com.android.support:support-v4:25.3.0] AndroidManifest.xml:29:5-20
MERGED from [com.android.support:support-fragment:25.3.0] AndroidManifest.xml:29:5-20
MERGED from [com.android.support:support-media-compat:25.3.0] AndroidManifest.xml:29:5-20
MERGED from [com.android.support:support-core-ui:25.3.0] AndroidManifest.xml:29:5-20
MERGED from [com.android.support:support-core-utils:25.3.0] AndroidManifest.xml:29:5-20
MERGED from [com.android.support:support-compat:25.3.0] AndroidManifest.xml:29:5-20
MERGED from [com.facebook.soloader:soloader:0.1.0] AndroidManifest.xml:3:3-17
MERGED from [org.webkit:android-jsc:r174650] AndroidManifest.xml:2:3-17
MERGED from [com.crashlytics.sdk.android:crashlytics:2.6.8] AndroidManifest.xml:11:5-20
MERGED from [com.crashlytics.sdk.android:beta:1.2.5] AndroidManifest.xml:11:5-20
MERGED from [com.crashlytics.sdk.android:crashlytics-core:2.3.17] AndroidManifest.xml:54:5-20
MERGED from [com.crashlytics.sdk.android:answers:1.3.13] AndroidManifest.xml:11:5-20
MERGED from [io.fabric.sdk.android:fabric:1.3.17] AndroidManifest.xml:31:5-20
	android:label
		ADDED from src/main/AndroidManifest.xml:4:109-141
	android:icon
		ADDED from src/main/AndroidManifest.xml:4:75-108
	android:largeHeap
		ADDED from [com.skillz.sdk:skillz-sdk-android:4.0.7-SNAPSHOT] AndroidManifest.xml:44:18-42
	android:banner
		ADDED from src/main/AndroidManifest.xml:4:164-201
	android:theme
		ADDED from src/main/AndroidManifest.xml:4:16-74
	android:isGame
		ADDED from src/main/AndroidManifest.xml:4:142-163
activity#com.ZPotatoWu.Pinball.UnityPlayerActivity
ADDED from src/main/AndroidManifest.xml:5:5-12:16
MERGED from src/main/AndroidManifest.xml:5:5-12:16
	android:clearTaskOnLaunch
		ADDED from src/main/AndroidManifest.xml:5:48-81
	android:screenOrientation
		ADDED from src/main/AndroidManifest.xml:5:119-157
	android:label
		ADDED from src/main/AndroidManifest.xml:5:15-47
	android:launchMode
		ADDED from src/main/AndroidManifest.xml:5:158-189
	android:configChanges
		ADDED from src/main/AndroidManifest.xml:5:190-363
	android:alwaysRetainTaskState
		ADDED from src/main/AndroidManifest.xml:5:82-118
	android:name
		ADDED from src/main/AndroidManifest.xml:5:364-420
intent-filter#android.intent.action.MAIN+android.intent.category.LAUNCHER+android.intent.category.LEANBACK_LAUNCHER
ADDED from src/main/AndroidManifest.xml:6:7-10:23
action#android.intent.action.MAIN
ADDED from src/main/AndroidManifest.xml:7:9-61
	android:name
		ADDED from src/main/AndroidManifest.xml:7:17-58
category#android.intent.category.LAUNCHER
ADDED from src/main/AndroidManifest.xml:8:9-69
	android:name
		ADDED from src/main/AndroidManifest.xml:8:19-66
category#android.intent.category.LEANBACK_LAUNCHER
ADDED from src/main/AndroidManifest.xml:9:9-78
	android:name
		ADDED from src/main/AndroidManifest.xml:9:19-75
meta-data#unityplayer.UnityActivity
ADDED from src/main/AndroidManifest.xml:11:7-82
MERGED from src/main/AndroidManifest.xml:11:7-82
	android:value
		ADDED from src/main/AndroidManifest.xml:11:59-79
	android:name
		ADDED from src/main/AndroidManifest.xml:11:18-58
meta-data#skillz_allow_exit
ADDED from src/main/AndroidManifest.xml:13:5-72
MERGED from src/main/AndroidManifest.xml:13:5-72
	android:value
		ADDED from src/main/AndroidManifest.xml:13:49-69
	android:name
		ADDED from src/main/AndroidManifest.xml:13:16-48
meta-data#skillz_game_activity
ADDED from src/main/AndroidManifest.xml:14:5-71
MERGED from src/main/AndroidManifest.xml:14:5-71
	android:value
		ADDED from src/main/AndroidManifest.xml:14:52-68
	android:name
		ADDED from src/main/AndroidManifest.xml:14:16-51
meta-data#skillz_is_unity
ADDED from src/main/AndroidManifest.xml:15:5-70
MERGED from src/main/AndroidManifest.xml:15:5-70
	android:value
		ADDED from src/main/AndroidManifest.xml:15:47-67
	android:name
		ADDED from src/main/AndroidManifest.xml:15:16-46
meta-data#skillz_orientation
ADDED from src/main/AndroidManifest.xml:16:5-77
MERGED from src/main/AndroidManifest.xml:16:5-77
	android:value
		ADDED from src/main/AndroidManifest.xml:16:50-74
	android:name
		ADDED from src/main/AndroidManifest.xml:16:16-49
meta-data#io.fabric.ApiKey
ADDED from src/main/AndroidManifest.xml:17:5-20:11
MERGED from src/main/AndroidManifest.xml:17:5-20:11
	android:value
		ADDED from src/main/AndroidManifest.xml:19:9-65
	android:name
		ADDED from src/main/AndroidManifest.xml:18:9-40
uses-sdk
ADDED from src/main/AndroidManifest.xml:22:3-72
MERGED from src/main/AndroidManifest.xml:22:3-72
MERGED from [com.android.support:multidex:1.0.1] AndroidManifest.xml:18:5-42
MERGED from [com.skillz.sdk:skillz-sdk-android:4.0.7-SNAPSHOT] AndroidManifest.xml:8:5-10:41
MERGED from [com.skillz.sdk:skillz-sdk-android:4.0.7-SNAPSHOT] AndroidManifest.xml:11:5-58
MERGED from [com.paypal.sdk:paypal-android-sdk:2.14.4] AndroidManifest.xml:5:5-7:41
MERGED from [com.mopub.volley:mopub-volley:1.1.0] AndroidManifest.xml:7:5-9:41
MERGED from [com.android.support:design:25.3.0] AndroidManifest.xml:21:5-23:62
MERGED from [com.android.support:transition:25.3.0] AndroidManifest.xml:20:5-44
MERGED from [com.google.android.gms:play-services-gcm:10.2.1] AndroidManifest.xml:17:5-43
MERGED from [com.google.android.gms:play-services-iid:10.2.1] AndroidManifest.xml:17:5-43
MERGED from [com.google.android.gms:play-services-base:10.2.1] AndroidManifest.xml:17:5-43
MERGED from [com.google.firebase:firebase-core:10.2.1] AndroidManifest.xml:4:5-43
MERGED from [com.google.firebase:firebase-analytics:10.2.1] AndroidManifest.xml:17:5-43
MERGED from [com.google.firebase:firebase-analytics-impl:10.2.1] AndroidManifest.xml:17:5-43
MERGED from [com.google.firebase:firebase-messaging:10.2.1] AndroidManifest.xml:17:5-43
MERGED from [com.google.firebase:firebase-iid:10.2.1] AndroidManifest.xml:17:5-43
MERGED from [com.google.firebase:firebase-common:10.2.1] AndroidManifest.xml:3:5-43
MERGED from [com.google.android.gms:play-services-tasks:10.2.1] AndroidManifest.xml:3:5-43
MERGED from [com.google.android.gms:play-services-basement:10.2.1] AndroidManifest.xml:17:5-43
MERGED from [com.BV:react-native-linear-gradient:2.0.0] AndroidManifest.xml:7:5-9:41
MERGED from [com.facebook.react:react-native:0.41.2] AndroidManifest.xml:7:5-9:41
MERGED from [com.android.support:appcompat-v7:25.3.0] AndroidManifest.xml:21:5-23:78
MERGED from [com.android.support:animated-vector-drawable:25.3.0] AndroidManifest.xml:20:5-44
MERGED from [com.android.support:support-vector-drawable:25.3.0] AndroidManifest.xml:20:5-43
MERGED from [com.android.support:recyclerview-v7:25.3.0] AndroidManifest.xml:20:5-43
MERGED from [com.facebook.fbui.textlayoutbuilder:textlayoutbuilder:1.0.0] AndroidManifest.xml:14:5-16:41
MERGED from [com.facebook.fresco:fresco:0.11.0] AndroidManifest.xml:5:5-7:41
MERGED from [com.facebook.fresco:drawee:0.11.0] AndroidManifest.xml:5:5-7:41
MERGED from [com.facebook.fresco:imagepipeline-okhttp3:0.11.0] AndroidManifest.xml:5:5-7:41
MERGED from [com.facebook.fresco:imagepipeline:0.11.0] AndroidManifest.xml:5:5-7:41
MERGED from [com.facebook.fresco:imagepipeline-base:0.11.0] AndroidManifest.xml:5:5-7:41
MERGED from [com.android.support:support-v4:25.3.0] AndroidManifest.xml:21:5-23:54
MERGED from [com.android.support:support-fragment:25.3.0] AndroidManifest.xml:21:5-23:60
MERGED from [com.android.support:support-media-compat:25.3.0] AndroidManifest.xml:21:5-23:63
MERGED from [com.android.support:support-core-ui:25.3.0] AndroidManifest.xml:21:5-23:58
MERGED from [com.android.support:support-core-utils:25.3.0] AndroidManifest.xml:21:5-23:61
MERGED from [com.android.support:support-compat:25.3.0] AndroidManifest.xml:21:5-23:58
MERGED from [com.facebook.fresco:fbcore:0.11.0] AndroidManifest.xml:5:5-7:41
MERGED from [com.facebook.soloader:soloader:0.1.0] AndroidManifest.xml:2:3-70
MERGED from [com.crashlytics.sdk.android:crashlytics:2.6.8] AndroidManifest.xml:7:5-43
MERGED from [com.crashlytics.sdk.android:beta:1.2.5] AndroidManifest.xml:7:5-43
MERGED from [com.crashlytics.sdk.android:crashlytics-core:2.3.17] AndroidManifest.xml:50:5-43
MERGED from [com.crashlytics.sdk.android:answers:1.3.13] AndroidManifest.xml:7:5-43
MERGED from [io.fabric.sdk.android:fabric:1.3.17] AndroidManifest.xml:27:5-43
	tools:overrideLibrary
		ADDED from [com.skillz.sdk:skillz-sdk-android:4.0.7-SNAPSHOT] AndroidManifest.xml:11:15-55
	android:targetSdkVersion
		ADDED from src/main/AndroidManifest.xml:22:40-69
		INJECTED from src/main/AndroidManifest.xml
		INJECTED from src/main/AndroidManifest.xml
	android:minSdkVersion
		ADDED from src/main/AndroidManifest.xml:22:13-39
		INJECTED from src/main/AndroidManifest.xml
		MERGED from src/main/AndroidManifest.xml:22:13-39
		INJECTED from src/main/AndroidManifest.xml
uses-feature#0x00020000
ADDED from src/main/AndroidManifest.xml:23:3-52
MERGED from src/main/AndroidManifest.xml:23:3-52
	android:glEsVersion
		ADDED from src/main/AndroidManifest.xml:23:17-49
uses-permission#android.permission.INTERNET
ADDED from src/main/AndroidManifest.xml:24:3-65
MERGED from src/main/AndroidManifest.xml:24:3-65
MERGED from [com.skillz.sdk:skillz-sdk-android:4.0.7-SNAPSHOT] AndroidManifest.xml:13:5-67
MERGED from [com.paypal.sdk:paypal-android-sdk:2.14.4] AndroidManifest.xml:10:5-67
MERGED from [com.google.android.gms:play-services-gcm:10.2.1] AndroidManifest.xml:21:5-66
MERGED from [com.google.android.gms:play-services-iid:10.2.1] AndroidManifest.xml:21:5-66
MERGED from [com.google.firebase:firebase-analytics:10.2.1] AndroidManifest.xml:20:5-66
MERGED from [com.google.firebase:firebase-analytics-impl:10.2.1] AndroidManifest.xml:20:5-66
MERGED from [com.google.firebase:firebase-iid:10.2.1] AndroidManifest.xml:20:5-66
MERGED from [com.crashlytics.sdk.android:crashlytics:2.6.8] AndroidManifest.xml:9:5-67
MERGED from [com.crashlytics.sdk.android:beta:1.2.5] AndroidManifest.xml:9:5-67
MERGED from [com.crashlytics.sdk.android:crashlytics-core:2.3.17] AndroidManifest.xml:52:5-67
MERGED from [com.crashlytics.sdk.android:answers:1.3.13] AndroidManifest.xml:9:5-67
MERGED from [io.fabric.sdk.android:fabric:1.3.17] AndroidManifest.xml:29:5-67
	android:name
		ADDED from src/main/AndroidManifest.xml:24:20-62
uses-permission#android.permission.WRITE_EXTERNAL_STORAGE
ADDED from src/main/AndroidManifest.xml:25:3-106
MERGED from src/main/AndroidManifest.xml:25:3-106
MERGED from [com.skillz.sdk:skillz-sdk-android:4.0.7-SNAPSHOT] AndroidManifest.xml:15:5-81
	android:maxSdkVersion
		ADDED from src/main/AndroidManifest.xml:25:77-103
	android:name
		ADDED from src/main/AndroidManifest.xml:25:20-76
uses-feature#android.hardware.sensor.accelerometer
ADDED from src/main/AndroidManifest.xml:26:3-97
MERGED from src/main/AndroidManifest.xml:26:3-97
	android:required
		ADDED from src/main/AndroidManifest.xml:26:70-94
	android:name
		ADDED from src/main/AndroidManifest.xml:26:17-69
uses-feature#android.hardware.touchscreen
ADDED from src/main/AndroidManifest.xml:27:3-88
MERGED from src/main/AndroidManifest.xml:27:3-88
	android:required
		ADDED from src/main/AndroidManifest.xml:27:61-85
	android:name
		ADDED from src/main/AndroidManifest.xml:27:17-60
uses-feature#android.hardware.touchscreen.multitouch
ADDED from src/main/AndroidManifest.xml:28:3-99
MERGED from src/main/AndroidManifest.xml:28:3-99
	android:required
		ADDED from src/main/AndroidManifest.xml:28:72-96
	android:name
		ADDED from src/main/AndroidManifest.xml:28:17-71
uses-feature#android.hardware.touchscreen.multitouch.distinct
ADDED from src/main/AndroidManifest.xml:29:3-108
MERGED from src/main/AndroidManifest.xml:29:3-108
	android:required
		ADDED from src/main/AndroidManifest.xml:29:81-105
	android:name
		ADDED from src/main/AndroidManifest.xml:29:17-80
uses-feature#android.hardware.location.gps
ADDED from src/main/AndroidManifest.xml:30:3-89
MERGED from src/main/AndroidManifest.xml:30:3-89
	android:required
		ADDED from src/main/AndroidManifest.xml:30:62-86
	android:name
		ADDED from src/main/AndroidManifest.xml:30:17-61
uses-feature#android.hardware.vulkan
ADDED from src/main/AndroidManifest.xml:31:3-83
MERGED from src/main/AndroidManifest.xml:31:3-83
	android:required
		ADDED from src/main/AndroidManifest.xml:31:56-80
	android:name
		ADDED from src/main/AndroidManifest.xml:31:17-55
uses-permission#android.permission.READ_EXTERNAL_STORAGE
ADDED from src/main/AndroidManifest.xml:32:3-105
MERGED from src/main/AndroidManifest.xml:32:3-105
MERGED from [com.skillz.sdk:skillz-sdk-android:4.0.7-SNAPSHOT] AndroidManifest.xml:14:5-80
	android:maxSdkVersion
		ADDED from src/main/AndroidManifest.xml:32:76-102
	android:name
		ADDED from src/main/AndroidManifest.xml:32:20-75
uses-permission#android.permission.MANAGE_DOCUMENTS
ADDED from [com.skillz.sdk:skillz-sdk-android:4.0.7-SNAPSHOT] AndroidManifest.xml:16:5-75
	android:name
		ADDED from [com.skillz.sdk:skillz-sdk-android:4.0.7-SNAPSHOT] AndroidManifest.xml:16:22-72
uses-permission#android.permission.ACCESS_NETWORK_STATE
ADDED from [com.skillz.sdk:skillz-sdk-android:4.0.7-SNAPSHOT] AndroidManifest.xml:17:5-79
MERGED from [com.paypal.sdk:paypal-android-sdk:2.14.4] AndroidManifest.xml:9:5-79
MERGED from [com.google.firebase:firebase-analytics:10.2.1] AndroidManifest.xml:21:5-78
MERGED from [com.google.firebase:firebase-analytics-impl:10.2.1] AndroidManifest.xml:21:5-78
MERGED from [com.google.firebase:firebase-iid:10.2.1] AndroidManifest.xml:19:5-78
	android:name
		ADDED from [com.skillz.sdk:skillz-sdk-android:4.0.7-SNAPSHOT] AndroidManifest.xml:17:22-76
uses-permission#android.permission.READ_PHONE_STATE
ADDED from [com.skillz.sdk:skillz-sdk-android:4.0.7-SNAPSHOT] AndroidManifest.xml:18:5-75
	android:name
		ADDED from [com.skillz.sdk:skillz-sdk-android:4.0.7-SNAPSHOT] AndroidManifest.xml:18:22-72
uses-permission#android.permission.ACCESS_FINE_LOCATION
ADDED from [com.skillz.sdk:skillz-sdk-android:4.0.7-SNAPSHOT] AndroidManifest.xml:19:5-79
	android:name
		ADDED from [com.skillz.sdk:skillz-sdk-android:4.0.7-SNAPSHOT] AndroidManifest.xml:19:22-76
uses-permission#android.permission.ACCESS_WIFI_STATE
ADDED from [com.skillz.sdk:skillz-sdk-android:4.0.7-SNAPSHOT] AndroidManifest.xml:20:5-76
	android:name
		ADDED from [com.skillz.sdk:skillz-sdk-android:4.0.7-SNAPSHOT] AndroidManifest.xml:20:22-73
uses-permission#android.permission.CAPTURE_SECURE_VIDEO_OUTPUT
ADDED from [com.skillz.sdk:skillz-sdk-android:4.0.7-SNAPSHOT] AndroidManifest.xml:21:5-86
	android:name
		ADDED from [com.skillz.sdk:skillz-sdk-android:4.0.7-SNAPSHOT] AndroidManifest.xml:21:22-83
uses-permission#android.permission.MANAGE_OVERLAY_PERMISSION
ADDED from [com.skillz.sdk:skillz-sdk-android:4.0.7-SNAPSHOT] AndroidManifest.xml:22:5-84
	android:name
		ADDED from [com.skillz.sdk:skillz-sdk-android:4.0.7-SNAPSHOT] AndroidManifest.xml:22:22-81
uses-permission#android.permission.USE_CREDENTIALS
ADDED from [com.skillz.sdk:skillz-sdk-android:4.0.7-SNAPSHOT] AndroidManifest.xml:23:5-74
	android:name
		ADDED from [com.skillz.sdk:skillz-sdk-android:4.0.7-SNAPSHOT] AndroidManifest.xml:23:22-71
uses-permission#android.permission.GET_ACCOUNTS
ADDED from [com.skillz.sdk:skillz-sdk-android:4.0.7-SNAPSHOT] AndroidManifest.xml:24:5-71
	android:name
		ADDED from [com.skillz.sdk:skillz-sdk-android:4.0.7-SNAPSHOT] AndroidManifest.xml:24:22-68
uses-permission#android.permission.MANAGE_ACCOUNTS
ADDED from [com.skillz.sdk:skillz-sdk-android:4.0.7-SNAPSHOT] AndroidManifest.xml:25:5-74
	android:name
		ADDED from [com.skillz.sdk:skillz-sdk-android:4.0.7-SNAPSHOT] AndroidManifest.xml:25:22-71
uses-permission#android.permission.AUTHENTICATE_ACCOUNTS
ADDED from [com.skillz.sdk:skillz-sdk-android:4.0.7-SNAPSHOT] AndroidManifest.xml:26:5-80
	android:name
		ADDED from [com.skillz.sdk:skillz-sdk-android:4.0.7-SNAPSHOT] AndroidManifest.xml:26:22-77
uses-permission#com.android.vending.BILLING
ADDED from [com.skillz.sdk:skillz-sdk-android:4.0.7-SNAPSHOT] AndroidManifest.xml:27:5-67
	android:name
		ADDED from [com.skillz.sdk:skillz-sdk-android:4.0.7-SNAPSHOT] AndroidManifest.xml:27:22-64
uses-permission#android.permission.CAMERA
ADDED from [com.skillz.sdk:skillz-sdk-android:4.0.7-SNAPSHOT] AndroidManifest.xml:30:5-65
	android:name
		ADDED from [com.skillz.sdk:skillz-sdk-android:4.0.7-SNAPSHOT] AndroidManifest.xml:30:22-62
uses-permission#android.permission.VIBRATE
ADDED from [com.skillz.sdk:skillz-sdk-android:4.0.7-SNAPSHOT] AndroidManifest.xml:31:5-66
	android:name
		ADDED from [com.skillz.sdk:skillz-sdk-android:4.0.7-SNAPSHOT] AndroidManifest.xml:31:22-63
uses-feature#android.hardware.camera
ADDED from [com.skillz.sdk:skillz-sdk-android:4.0.7-SNAPSHOT] AndroidManifest.xml:33:5-35:36
	android:required
		ADDED from [com.skillz.sdk:skillz-sdk-android:4.0.7-SNAPSHOT] AndroidManifest.xml:35:9-33
	android:name
		ADDED from [com.skillz.sdk:skillz-sdk-android:4.0.7-SNAPSHOT] AndroidManifest.xml:34:9-47
uses-feature#android.hardware.camera.autofocus
ADDED from [com.skillz.sdk:skillz-sdk-android:4.0.7-SNAPSHOT] AndroidManifest.xml:36:5-38:36
	android:required
		ADDED from [com.skillz.sdk:skillz-sdk-android:4.0.7-SNAPSHOT] AndroidManifest.xml:38:9-33
	android:name
		ADDED from [com.skillz.sdk:skillz-sdk-android:4.0.7-SNAPSHOT] AndroidManifest.xml:37:9-57
uses-permission#com.google.android.c2dm.permission.RECEIVE
ADDED from [com.skillz.sdk:skillz-sdk-android:4.0.7-SNAPSHOT] AndroidManifest.xml:42:5-82
MERGED from [com.google.android.gms:play-services-gcm:10.2.1] AndroidManifest.xml:20:5-81
MERGED from [com.google.android.gms:play-services-iid:10.2.1] AndroidManifest.xml:20:5-81
MERGED from [com.google.firebase:firebase-iid:10.2.1] AndroidManifest.xml:22:5-81
	android:name
		ADDED from [com.skillz.sdk:skillz-sdk-android:4.0.7-SNAPSHOT] AndroidManifest.xml:42:22-79
activity#com.skillz.activity.WelcomeActivity
ADDED from [com.skillz.sdk:skillz-sdk-android:4.0.7-SNAPSHOT] AndroidManifest.xml:45:9-47:66
	android:theme
		ADDED from [com.skillz.sdk:skillz-sdk-android:4.0.7-SNAPSHOT] AndroidManifest.xml:47:13-63
	android:name
		ADDED from [com.skillz.sdk:skillz-sdk-android:4.0.7-SNAPSHOT] AndroidManifest.xml:46:13-63
provider#android.support.v4.content.FileProvider
ADDED from [com.skillz.sdk:skillz-sdk-android:4.0.7-SNAPSHOT] AndroidManifest.xml:49:9-57:20
	android:authorities
		ADDED from [com.skillz.sdk:skillz-sdk-android:4.0.7-SNAPSHOT] AndroidManifest.xml:51:13-75
		INJECTED from src/main/AndroidManifest.xml
	android:grantUriPermissions
		ADDED from [com.skillz.sdk:skillz-sdk-android:4.0.7-SNAPSHOT] AndroidManifest.xml:53:13-47
	android:exported
		ADDED from [com.skillz.sdk:skillz-sdk-android:4.0.7-SNAPSHOT] AndroidManifest.xml:52:13-37
	android:name
		ADDED from [com.skillz.sdk:skillz-sdk-android:4.0.7-SNAPSHOT] AndroidManifest.xml:50:13-67
meta-data#android.support.FILE_PROVIDER_PATHS
ADDED from [com.skillz.sdk:skillz-sdk-android:4.0.7-SNAPSHOT] AndroidManifest.xml:54:13-56:61
	android:resource
		ADDED from [com.skillz.sdk:skillz-sdk-android:4.0.7-SNAPSHOT] AndroidManifest.xml:56:17-58
	android:name
		ADDED from [com.skillz.sdk:skillz-sdk-android:4.0.7-SNAPSHOT] AndroidManifest.xml:55:17-67
activity#com.skillz.activity.HomeActivity
ADDED from [com.skillz.sdk:skillz-sdk-android:4.0.7-SNAPSHOT] AndroidManifest.xml:59:9-65:59
	android:label
		ADDED from [com.skillz.sdk:skillz-sdk-android:4.0.7-SNAPSHOT] AndroidManifest.xml:62:13-60
	android:stateNotNeeded
		ADDED from [com.skillz.sdk:skillz-sdk-android:4.0.7-SNAPSHOT] AndroidManifest.xml:63:13-42
	android:windowSoftInputMode
		ADDED from [com.skillz.sdk:skillz-sdk-android:4.0.7-SNAPSHOT] AndroidManifest.xml:65:13-56
	android:configChanges
		ADDED from [com.skillz.sdk:skillz-sdk-android:4.0.7-SNAPSHOT] AndroidManifest.xml:61:13-170
	android:theme
		ADDED from [com.skillz.sdk:skillz-sdk-android:4.0.7-SNAPSHOT] AndroidManifest.xml:64:13-51
	android:name
		ADDED from [com.skillz.sdk:skillz-sdk-android:4.0.7-SNAPSHOT] AndroidManifest.xml:60:13-60
activity#com.skillz.activity.RootedDeviceDetected
ADDED from [com.skillz.sdk:skillz-sdk-android:4.0.7-SNAPSHOT] AndroidManifest.xml:66:9-68:54
	android:theme
		ADDED from [com.skillz.sdk:skillz-sdk-android:4.0.7-SNAPSHOT] AndroidManifest.xml:68:13-51
	android:name
		ADDED from [com.skillz.sdk:skillz-sdk-android:4.0.7-SNAPSHOT] AndroidManifest.xml:67:13-68
activity#com.skillz.activity.NoNetworkActivity
ADDED from [com.skillz.sdk:skillz-sdk-android:4.0.7-SNAPSHOT] AndroidManifest.xml:69:9-71:77
	android:configChanges
		ADDED from [com.skillz.sdk:skillz-sdk-android:4.0.7-SNAPSHOT] AndroidManifest.xml:71:13-74
	android:name
		ADDED from [com.skillz.sdk:skillz-sdk-android:4.0.7-SNAPSHOT] AndroidManifest.xml:70:13-65
meta-data#com.skillz.ota.android.version
ADDED from [com.skillz.sdk:skillz-sdk-android:4.0.7-SNAPSHOT] AndroidManifest.xml:73:9-75:38
	android:value
		ADDED from [com.skillz.sdk:skillz-sdk-android:4.0.7-SNAPSHOT] AndroidManifest.xml:75:13-35
	android:name
		ADDED from [com.skillz.sdk:skillz-sdk-android:4.0.7-SNAPSHOT] AndroidManifest.xml:74:13-58
service#com.paypal.android.sdk.payments.PayPalService
ADDED from [com.skillz.sdk:skillz-sdk-android:4.0.7-SNAPSHOT] AndroidManifest.xml:78:9-80:40
MERGED from [com.paypal.sdk:paypal-android-sdk:2.14.4] AndroidManifest.xml:23:9-25:40
	android:exported
		ADDED from [com.skillz.sdk:skillz-sdk-android:4.0.7-SNAPSHOT] AndroidManifest.xml:80:13-37
	android:name
		ADDED from [com.skillz.sdk:skillz-sdk-android:4.0.7-SNAPSHOT] AndroidManifest.xml:79:13-73
activity#com.paypal.android.sdk.payments.PaymentActivity
ADDED from [com.skillz.sdk:skillz-sdk-android:4.0.7-SNAPSHOT] AndroidManifest.xml:82:9-84
MERGED from [com.paypal.sdk:paypal-android-sdk:2.14.4] AndroidManifest.xml:13:9-84
	android:name
		ADDED from [com.skillz.sdk:skillz-sdk-android:4.0.7-SNAPSHOT] AndroidManifest.xml:82:19-81
activity#com.paypal.android.sdk.payments.LoginActivity
ADDED from [com.skillz.sdk:skillz-sdk-android:4.0.7-SNAPSHOT] AndroidManifest.xml:83:9-82
MERGED from [com.paypal.sdk:paypal-android-sdk:2.14.4] AndroidManifest.xml:16:9-82
	android:name
		ADDED from [com.skillz.sdk:skillz-sdk-android:4.0.7-SNAPSHOT] AndroidManifest.xml:83:19-79
activity#com.paypal.android.sdk.payments.PaymentMethodActivity
ADDED from [com.skillz.sdk:skillz-sdk-android:4.0.7-SNAPSHOT] AndroidManifest.xml:84:9-90
MERGED from [com.paypal.sdk:paypal-android-sdk:2.14.4] AndroidManifest.xml:14:9-90
	android:name
		ADDED from [com.skillz.sdk:skillz-sdk-android:4.0.7-SNAPSHOT] AndroidManifest.xml:84:19-87
activity#com.paypal.android.sdk.payments.PaymentConfirmActivity
ADDED from [com.skillz.sdk:skillz-sdk-android:4.0.7-SNAPSHOT] AndroidManifest.xml:85:9-91
MERGED from [com.paypal.sdk:paypal-android-sdk:2.14.4] AndroidManifest.xml:15:9-91
	android:name
		ADDED from [com.skillz.sdk:skillz-sdk-android:4.0.7-SNAPSHOT] AndroidManifest.xml:85:19-88
activity#io.card.payment.CardIOActivity
ADDED from [com.skillz.sdk:skillz-sdk-android:4.0.7-SNAPSHOT] AndroidManifest.xml:86:9-88:66
	android:configChanges
		ADDED from [com.skillz.sdk:skillz-sdk-android:4.0.7-SNAPSHOT] AndroidManifest.xml:88:13-63
	android:name
		ADDED from [com.skillz.sdk:skillz-sdk-android:4.0.7-SNAPSHOT] AndroidManifest.xml:87:13-58
activity#io.card.payment.DataEntryActivity
ADDED from [com.skillz.sdk:skillz-sdk-android:4.0.7-SNAPSHOT] AndroidManifest.xml:89:9-70
	android:name
		ADDED from [com.skillz.sdk:skillz-sdk-android:4.0.7-SNAPSHOT] AndroidManifest.xml:89:19-67
activity#com.skillz.mopub.mobileads.MoPubActivity
ADDED from [com.skillz.sdk:skillz-sdk-android:4.0.7-SNAPSHOT] AndroidManifest.xml:92:9-95:50
	android:screenOrientation
		ADDED from [com.skillz.sdk:skillz-sdk-android:4.0.7-SNAPSHOT] AndroidManifest.xml:95:13-47
	android:configChanges
		ADDED from [com.skillz.sdk:skillz-sdk-android:4.0.7-SNAPSHOT] AndroidManifest.xml:94:13-74
	android:name
		ADDED from [com.skillz.sdk:skillz-sdk-android:4.0.7-SNAPSHOT] AndroidManifest.xml:93:13-68
activity#com.skillz.mopub.mobileads.MraidActivity
ADDED from [com.skillz.sdk:skillz-sdk-android:4.0.7-SNAPSHOT] AndroidManifest.xml:96:9-99:50
	android:screenOrientation
		ADDED from [com.skillz.sdk:skillz-sdk-android:4.0.7-SNAPSHOT] AndroidManifest.xml:99:13-47
	android:configChanges
		ADDED from [com.skillz.sdk:skillz-sdk-android:4.0.7-SNAPSHOT] AndroidManifest.xml:98:13-74
	android:name
		ADDED from [com.skillz.sdk:skillz-sdk-android:4.0.7-SNAPSHOT] AndroidManifest.xml:97:13-68
activity#com.skillz.mopub.common.MoPubBrowser
ADDED from [com.skillz.sdk:skillz-sdk-android:4.0.7-SNAPSHOT] AndroidManifest.xml:100:9-103:50
	android:screenOrientation
		ADDED from [com.skillz.sdk:skillz-sdk-android:4.0.7-SNAPSHOT] AndroidManifest.xml:103:13-47
	android:configChanges
		ADDED from [com.skillz.sdk:skillz-sdk-android:4.0.7-SNAPSHOT] AndroidManifest.xml:102:13-74
	android:name
		ADDED from [com.skillz.sdk:skillz-sdk-android:4.0.7-SNAPSHOT] AndroidManifest.xml:101:13-64
activity#com.skillz.mopub.mobileads.MraidVideoPlayerActivity
ADDED from [com.skillz.sdk:skillz-sdk-android:4.0.7-SNAPSHOT] AndroidManifest.xml:104:9-107:50
	android:screenOrientation
		ADDED from [com.skillz.sdk:skillz-sdk-android:4.0.7-SNAPSHOT] AndroidManifest.xml:107:13-47
	android:configChanges
		ADDED from [com.skillz.sdk:skillz-sdk-android:4.0.7-SNAPSHOT] AndroidManifest.xml:106:13-74
	android:name
		ADDED from [com.skillz.sdk:skillz-sdk-android:4.0.7-SNAPSHOT] AndroidManifest.xml:105:13-79
receiver#com.kochava.android.tracker.ReferralCapture
ADDED from [com.skillz.sdk:skillz-sdk-android:4.0.7-SNAPSHOT] AndroidManifest.xml:110:9-116:20
	android:exported
		ADDED from [com.skillz.sdk:skillz-sdk-android:4.0.7-SNAPSHOT] AndroidManifest.xml:112:13-36
	android:name
		ADDED from [com.skillz.sdk:skillz-sdk-android:4.0.7-SNAPSHOT] AndroidManifest.xml:111:13-71
intent-filter#com.android.vending.INSTALL_REFERRER
ADDED from [com.skillz.sdk:skillz-sdk-android:4.0.7-SNAPSHOT] AndroidManifest.xml:113:13-115:29
action#com.android.vending.INSTALL_REFERRER
ADDED from [com.skillz.sdk:skillz-sdk-android:4.0.7-SNAPSHOT] AndroidManifest.xml:114:17-79
	android:name
		ADDED from [com.skillz.sdk:skillz-sdk-android:4.0.7-SNAPSHOT] AndroidManifest.xml:114:25-76
service#com.skillz.push.PushListenerService
ADDED from [com.skillz.sdk:skillz-sdk-android:4.0.7-SNAPSHOT] AndroidManifest.xml:118:9-122:19
	android:name
		ADDED from [com.skillz.sdk:skillz-sdk-android:4.0.7-SNAPSHOT] AndroidManifest.xml:118:18-68
intent-filter#com.google.firebase.MESSAGING_EVENT
ADDED from [com.skillz.sdk:skillz-sdk-android:4.0.7-SNAPSHOT] AndroidManifest.xml:119:13-121:29
action#com.google.firebase.MESSAGING_EVENT
ADDED from [com.skillz.sdk:skillz-sdk-android:4.0.7-SNAPSHOT] AndroidManifest.xml:120:17-78
	android:name
		ADDED from [com.skillz.sdk:skillz-sdk-android:4.0.7-SNAPSHOT] AndroidManifest.xml:120:25-75
service#com.skillz.push.PushRoutingService
ADDED from [com.skillz.sdk:skillz-sdk-android:4.0.7-SNAPSHOT] AndroidManifest.xml:123:9-125:40
	android:exported
		ADDED from [com.skillz.sdk:skillz-sdk-android:4.0.7-SNAPSHOT] AndroidManifest.xml:125:13-37
	android:name
		ADDED from [com.skillz.sdk:skillz-sdk-android:4.0.7-SNAPSHOT] AndroidManifest.xml:124:13-62